[2023-02-09 03:52:23] local.ERROR: Uncaught Error: Class "App\Models\App\Models\Authenticatableble" not found in C:\Users\Adriel\Desktop\#5 Semester\Exam\UAS\Web Programming (9 Februari - 13.00)\2440067093_UAS\app\Models\Account.php:12
Stack trace:
#0 Command line code(1): include_once()
#1 {main}
  thrown {"exception":"[object] (Symfony\\Component\\ErrorHandler\\Error\\FatalError(code: 0): Uncaught Error: Class \"App\\Models\\App\\Models\\Authenticatableble\" not found in C:\\Users\\Adriel\\Desktop\\#5 Semester\\Exam\\UAS\\Web Programming (9 Februari - 13.00)\\2440067093_UAS\\app\\Models\\Account.php:12
Stack trace:
#0 Command line code(1): include_once()
#1 {main}
  thrown at C:\\Users\\Adriel\\Desktop\\#5 Semester\\Exam\\UAS\\Web Programming (9 Februari - 13.00)\\2440067093_UAS\\app\\Models\\Account.php:12)
[stacktrace]
#0 {main}
"} 
[2023-02-09 03:52:27] local.ERROR: Uncaught Error: Class "App\Models\App\Models\Authenticatableble" not found in C:\Users\Adriel\Desktop\#5 Semester\Exam\UAS\Web Programming (9 Februari - 13.00)\2440067093_UAS\app\Models\Account.php:12
Stack trace:
#0 C:\Users\Adriel\Desktop\#5 Semester\Exam\UAS\Web Programming (9 Februari - 13.00)\2440067093_UAS\vendor\composer\ClassLoader.php(122): include()
#1 C:\Users\Adriel\Desktop\#5 Semester\Exam\UAS\Web Programming (9 Februari - 13.00)\2440067093_UAS\vendor\composer\ClassLoader.php(443): Composer\Autoload\ClassLoader::Composer\Autoload\{closure}('C:\\Users\\Adriel...')
#2 [internal function]: Composer\Autoload\ClassLoader->loadClass('App\\Models\\Acco...')
#3 Command line code(1): class_exists('App\\Models\\Acco...')
#4 [internal function]: {closure}('App\\Models\\Acco...')
#5 Command line code(1): array_filter(Array, Object(Closure))
#6 {main}
  thrown {"exception":"[object] (Symfony\\Component\\ErrorHandler\\Error\\FatalError(code: 0): Uncaught Error: Class \"App\\Models\\App\\Models\\Authenticatableble\" not found in C:\\Users\\Adriel\\Desktop\\#5 Semester\\Exam\\UAS\\Web Programming (9 Februari - 13.00)\\2440067093_UAS\\app\\Models\\Account.php:12
Stack trace:
#0 C:\\Users\\Adriel\\Desktop\\#5 Semester\\Exam\\UAS\\Web Programming (9 Februari - 13.00)\\2440067093_UAS\\vendor\\composer\\ClassLoader.php(122): include()
#1 C:\\Users\\Adriel\\Desktop\\#5 Semester\\Exam\\UAS\\Web Programming (9 Februari - 13.00)\\2440067093_UAS\\vendor\\composer\\ClassLoader.php(443): Composer\\Autoload\\ClassLoader::Composer\\Autoload\\{closure}('C:\\\\Users\\\\Adriel...')
#2 [internal function]: Composer\\Autoload\\ClassLoader->loadClass('App\\\\Models\\\\Acco...')
#3 Command line code(1): class_exists('App\\\\Models\\\\Acco...')
#4 [internal function]: {closure}('App\\\\Models\\\\Acco...')
#5 Command line code(1): array_filter(Array, Object(Closure))
#6 {main}
  thrown at C:\\Users\\Adriel\\Desktop\\#5 Semester\\Exam\\UAS\\Web Programming (9 Februari - 13.00)\\2440067093_UAS\\app\\Models\\Account.php:12)
[stacktrace]
#0 {main}
"} 
[2023-02-09 03:52:33] local.ERROR: Uncaught Error: Class "App\Models\App\Models\Authenticatable" not found in C:\Users\Adriel\Desktop\#5 Semester\Exam\UAS\Web Programming (9 Februari - 13.00)\2440067093_UAS\app\Models\Account.php:12
Stack trace:
#0 Command line code(1): include_once()
#1 {main}
  thrown {"exception":"[object] (Symfony\\Component\\ErrorHandler\\Error\\FatalError(code: 0): Uncaught Error: Class \"App\\Models\\App\\Models\\Authenticatable\" not found in C:\\Users\\Adriel\\Desktop\\#5 Semester\\Exam\\UAS\\Web Programming (9 Februari - 13.00)\\2440067093_UAS\\app\\Models\\Account.php:12
Stack trace:
#0 Command line code(1): include_once()
#1 {main}
  thrown at C:\\Users\\Adriel\\Desktop\\#5 Semester\\Exam\\UAS\\Web Programming (9 Februari - 13.00)\\2440067093_UAS\\app\\Models\\Account.php:12)
[stacktrace]
#0 {main}
"} 
[2023-02-09 03:52:40] local.ERROR: Uncaught Error: Class "Illuminate\Foundation\Auth\Account" not found in C:\Users\Adriel\Desktop\#5 Semester\Exam\UAS\Web Programming (9 Februari - 13.00)\2440067093_UAS\app\Models\Account.php:12
Stack trace:
#0 Command line code(1): include_once()
#1 {main}
  thrown {"exception":"[object] (Symfony\\Component\\ErrorHandler\\Error\\FatalError(code: 0): Uncaught Error: Class \"Illuminate\\Foundation\\Auth\\Account\" not found in C:\\Users\\Adriel\\Desktop\\#5 Semester\\Exam\\UAS\\Web Programming (9 Februari - 13.00)\\2440067093_UAS\\app\\Models\\Account.php:12
Stack trace:
#0 Command line code(1): include_once()
#1 {main}
  thrown at C:\\Users\\Adriel\\Desktop\\#5 Semester\\Exam\\UAS\\Web Programming (9 Februari - 13.00)\\2440067093_UAS\\app\\Models\\Account.php:12)
[stacktrace]
#0 {main}
"} 
[2023-02-09 03:53:07] local.ERROR: Uncaught Error: Class "Illuminate\Foundation\Auth\Account" not found in C:\Users\Adriel\Desktop\#5 Semester\Exam\UAS\Web Programming (9 Februari - 13.00)\2440067093_UAS\app\Models\Account.php:12
Stack trace:
#0 Command line code(1): include_once()
#1 {main}
  thrown {"exception":"[object] (Symfony\\Component\\ErrorHandler\\Error\\FatalError(code: 0): Uncaught Error: Class \"Illuminate\\Foundation\\Auth\\Account\" not found in C:\\Users\\Adriel\\Desktop\\#5 Semester\\Exam\\UAS\\Web Programming (9 Februari - 13.00)\\2440067093_UAS\\app\\Models\\Account.php:12
Stack trace:
#0 Command line code(1): include_once()
#1 {main}
  thrown at C:\\Users\\Adriel\\Desktop\\#5 Semester\\Exam\\UAS\\Web Programming (9 Februari - 13.00)\\2440067093_UAS\\app\\Models\\Account.php:12)
[stacktrace]
#0 {main}
"} 
[2023-02-09 04:11:51] local.ERROR: SQLSTATE[23000]: Integrity constraint violation: 1452 Cannot add or update a child row: a foreign key constraint fails (`temporary_db1`.`accounts`, CONSTRAINT `accounts_role_id_foreign` FOREIGN KEY (`role_id`) REFERENCES `roles` (`id`)) (SQL: insert into `accounts` (`role_id`, `gender_id`, `first_name`, `last_name`, `email`, `display_picture_link`, `password`) values (1, 1, Admin, Udin, admin@gmail.com, https://www.gravatar.com/avatar/00000000000000000000000000000000?d=mp&f=y, $2y$10$qtoSmzVSMp/jkoYqwaxCiePVSX9ftVsbTRtoq3EeKqgyP5bXG/D/e)) {"exception":"[object] (Illuminate\\Database\\QueryException(code: 23000): SQLSTATE[23000]: Integrity constraint violation: 1452 Cannot add or update a child row: a foreign key constraint fails (`temporary_db1`.`accounts`, CONSTRAINT `accounts_role_id_foreign` FOREIGN KEY (`role_id`) REFERENCES `roles` (`id`)) (SQL: insert into `accounts` (`role_id`, `gender_id`, `first_name`, `last_name`, `email`, `display_picture_link`, `password`) values (1, 1, Admin, Udin, admin@gmail.com, https://www.gravatar.com/avatar/00000000000000000000000000000000?d=mp&f=y, $2y$10$qtoSmzVSMp/jkoYqwaxCiePVSX9ftVsbTRtoq3EeKqgyP5bXG/D/e)) at C:\\Users\\Adriel\\Desktop\\#5 Semester\\Exam\\UAS\\Web Programming (9 Februari - 13.00)\\2440067093_UAS\\vendor\\laravel\\framework\\src\\Illuminate\\Database\\Connection.php:712)
[stacktrace]
#0 C:\\Users\\Adriel\\Desktop\\#5 Semester\\Exam\\UAS\\Web Programming (9 Februari - 13.00)\\2440067093_UAS\\vendor\\laravel\\framework\\src\\Illuminate\\Database\\Connection.php(672): Illuminate\\Database\\Connection->runQueryCallback('insert into `ac...', Array, Object(Closure))
#1 C:\\Users\\Adriel\\Desktop\\#5 Semester\\Exam\\UAS\\Web Programming (9 Februari - 13.00)\\2440067093_UAS\\vendor\\laravel\\framework\\src\\Illuminate\\Database\\Connection.php(502): Illuminate\\Database\\Connection->run('insert into `ac...', Array, Object(Closure))
#2 C:\\Users\\Adriel\\Desktop\\#5 Semester\\Exam\\UAS\\Web Programming (9 Februari - 13.00)\\2440067093_UAS\\vendor\\laravel\\framework\\src\\Illuminate\\Database\\Connection.php(454): Illuminate\\Database\\Connection->statement('insert into `ac...', Array)
#3 C:\\Users\\Adriel\\Desktop\\#5 Semester\\Exam\\UAS\\Web Programming (9 Februari - 13.00)\\2440067093_UAS\\vendor\\laravel\\framework\\src\\Illuminate\\Database\\Query\\Builder.php(2980): Illuminate\\Database\\Connection->insert('insert into `ac...', Array)
#4 C:\\Users\\Adriel\\Desktop\\#5 Semester\\Exam\\UAS\\Web Programming (9 Februari - 13.00)\\2440067093_UAS\\database\\seeders\\AccountSeeder.php(25): Illuminate\\Database\\Query\\Builder->insert(Array)
#5 C:\\Users\\Adriel\\Desktop\\#5 Semester\\Exam\\UAS\\Web Programming (9 Februari - 13.00)\\2440067093_UAS\\vendor\\laravel\\framework\\src\\Illuminate\\Container\\BoundMethod.php(36): Database\\Seeders\\AccountSeeder->run()
#6 C:\\Users\\Adriel\\Desktop\\#5 Semester\\Exam\\UAS\\Web Programming (9 Februari - 13.00)\\2440067093_UAS\\vendor\\laravel\\framework\\src\\Illuminate\\Container\\Util.php(40): Illuminate\\Container\\BoundMethod::Illuminate\\Container\\{closure}()
#7 C:\\Users\\Adriel\\Desktop\\#5 Semester\\Exam\\UAS\\Web Programming (9 Februari - 13.00)\\2440067093_UAS\\vendor\\laravel\\framework\\src\\Illuminate\\Container\\BoundMethod.php(93): Illuminate\\Container\\Util::unwrapIfClosure(Object(Closure))
#8 C:\\Users\\Adriel\\Desktop\\#5 Semester\\Exam\\UAS\\Web Programming (9 Februari - 13.00)\\2440067093_UAS\\vendor\\laravel\\framework\\src\\Illuminate\\Container\\BoundMethod.php(37): Illuminate\\Container\\BoundMethod::callBoundMethod(Object(Illuminate\\Foundation\\Application), Array, Object(Closure))
#9 C:\\Users\\Adriel\\Desktop\\#5 Semester\\Exam\\UAS\\Web Programming (9 Februari - 13.00)\\2440067093_UAS\\vendor\\laravel\\framework\\src\\Illuminate\\Container\\Container.php(653): Illuminate\\Container\\BoundMethod::call(Object(Illuminate\\Foundation\\Application), Array, Array, NULL)
#10 C:\\Users\\Adriel\\Desktop\\#5 Semester\\Exam\\UAS\\Web Programming (9 Februari - 13.00)\\2440067093_UAS\\vendor\\laravel\\framework\\src\\Illuminate\\Database\\Seeder.php(149): Illuminate\\Container\\Container->call(Array, Array)
#11 C:\\Users\\Adriel\\Desktop\\#5 Semester\\Exam\\UAS\\Web Programming (9 Februari - 13.00)\\2440067093_UAS\\vendor\\laravel\\framework\\src\\Illuminate\\Database\\Seeder.php(49): Illuminate\\Database\\Seeder->__invoke(Array)
#12 C:\\Users\\Adriel\\Desktop\\#5 Semester\\Exam\\UAS\\Web Programming (9 Februari - 13.00)\\2440067093_UAS\\database\\seeders\\DatabaseSeeder.php(17): Illuminate\\Database\\Seeder->call('Database\\\\Seeder...')
#13 C:\\Users\\Adriel\\Desktop\\#5 Semester\\Exam\\UAS\\Web Programming (9 Februari - 13.00)\\2440067093_UAS\\vendor\\laravel\\framework\\src\\Illuminate\\Container\\BoundMethod.php(36): Database\\Seeders\\DatabaseSeeder->run()
#14 C:\\Users\\Adriel\\Desktop\\#5 Semester\\Exam\\UAS\\Web Programming (9 Februari - 13.00)\\2440067093_UAS\\vendor\\laravel\\framework\\src\\Illuminate\\Container\\Util.php(40): Illuminate\\Container\\BoundMethod::Illuminate\\Container\\{closure}()
#15 C:\\Users\\Adriel\\Desktop\\#5 Semester\\Exam\\UAS\\Web Programming (9 Februari - 13.00)\\2440067093_UAS\\vendor\\laravel\\framework\\src\\Illuminate\\Container\\BoundMethod.php(93): Illuminate\\Container\\Util::unwrapIfClosure(Object(Closure))
#16 C:\\Users\\Adriel\\Desktop\\#5 Semester\\Exam\\UAS\\Web Programming (9 Februari - 13.00)\\2440067093_UAS\\vendor\\laravel\\framework\\src\\Illuminate\\Container\\BoundMethod.php(37): Illuminate\\Container\\BoundMethod::callBoundMethod(Object(Illuminate\\Foundation\\Application), Array, Object(Closure))
#17 C:\\Users\\Adriel\\Desktop\\#5 Semester\\Exam\\UAS\\Web Programming (9 Februari - 13.00)\\2440067093_UAS\\vendor\\laravel\\framework\\src\\Illuminate\\Container\\Container.php(653): Illuminate\\Container\\BoundMethod::call(Object(Illuminate\\Foundation\\Application), Array, Array, NULL)
#18 C:\\Users\\Adriel\\Desktop\\#5 Semester\\Exam\\UAS\\Web Programming (9 Februari - 13.00)\\2440067093_UAS\\vendor\\laravel\\framework\\src\\Illuminate\\Database\\Seeder.php(149): Illuminate\\Container\\Container->call(Array, Array)
#19 C:\\Users\\Adriel\\Desktop\\#5 Semester\\Exam\\UAS\\Web Programming (9 Februari - 13.00)\\2440067093_UAS\\vendor\\laravel\\framework\\src\\Illuminate\\Database\\Console\\Seeds\\SeedCommand.php(66): Illuminate\\Database\\Seeder->__invoke()
#20 C:\\Users\\Adriel\\Desktop\\#5 Semester\\Exam\\UAS\\Web Programming (9 Februari - 13.00)\\2440067093_UAS\\vendor\\laravel\\framework\\src\\Illuminate\\Database\\Eloquent\\Concerns\\GuardsAttributes.php(157): Illuminate\\Database\\Console\\Seeds\\SeedCommand->Illuminate\\Database\\Console\\Seeds\\{closure}()
#21 C:\\Users\\Adriel\\Desktop\\#5 Semester\\Exam\\UAS\\Web Programming (9 Februari - 13.00)\\2440067093_UAS\\vendor\\laravel\\framework\\src\\Illuminate\\Database\\Console\\Seeds\\SeedCommand.php(67): Illuminate\\Database\\Eloquent\\Model::unguarded(Object(Closure))
#22 C:\\Users\\Adriel\\Desktop\\#5 Semester\\Exam\\UAS\\Web Programming (9 Februari - 13.00)\\2440067093_UAS\\vendor\\laravel\\framework\\src\\Illuminate\\Container\\BoundMethod.php(36): Illuminate\\Database\\Console\\Seeds\\SeedCommand->handle()
#23 C:\\Users\\Adriel\\Desktop\\#5 Semester\\Exam\\UAS\\Web Programming (9 Februari - 13.00)\\2440067093_UAS\\vendor\\laravel\\framework\\src\\Illuminate\\Container\\Util.php(40): Illuminate\\Container\\BoundMethod::Illuminate\\Container\\{closure}()
#24 C:\\Users\\Adriel\\Desktop\\#5 Semester\\Exam\\UAS\\Web Programming (9 Februari - 13.00)\\2440067093_UAS\\vendor\\laravel\\framework\\src\\Illuminate\\Container\\BoundMethod.php(93): Illuminate\\Container\\Util::unwrapIfClosure(Object(Closure))
#25 C:\\Users\\Adriel\\Desktop\\#5 Semester\\Exam\\UAS\\Web Programming (9 Februari - 13.00)\\2440067093_UAS\\vendor\\laravel\\framework\\src\\Illuminate\\Container\\BoundMethod.php(37): Illuminate\\Container\\BoundMethod::callBoundMethod(Object(Illuminate\\Foundation\\Application), Array, Object(Closure))
#26 C:\\Users\\Adriel\\Desktop\\#5 Semester\\Exam\\UAS\\Web Programming (9 Februari - 13.00)\\2440067093_UAS\\vendor\\laravel\\framework\\src\\Illuminate\\Container\\Container.php(653): Illuminate\\Container\\BoundMethod::call(Object(Illuminate\\Foundation\\Application), Array, Array, NULL)
#27 C:\\Users\\Adriel\\Desktop\\#5 Semester\\Exam\\UAS\\Web Programming (9 Februari - 13.00)\\2440067093_UAS\\vendor\\laravel\\framework\\src\\Illuminate\\Console\\Command.php(136): Illuminate\\Container\\Container->call(Array)
#28 C:\\Users\\Adriel\\Desktop\\#5 Semester\\Exam\\UAS\\Web Programming (9 Februari - 13.00)\\2440067093_UAS\\vendor\\symfony\\console\\Command\\Command.php(298): Illuminate\\Console\\Command->execute(Object(Symfony\\Component\\Console\\Input\\ArgvInput), Object(Illuminate\\Console\\OutputStyle))
#29 C:\\Users\\Adriel\\Desktop\\#5 Semester\\Exam\\UAS\\Web Programming (9 Februari - 13.00)\\2440067093_UAS\\vendor\\laravel\\framework\\src\\Illuminate\\Console\\Command.php(121): Symfony\\Component\\Console\\Command\\Command->run(Object(Symfony\\Component\\Console\\Input\\ArgvInput), Object(Illuminate\\Console\\OutputStyle))
#30 C:\\Users\\Adriel\\Desktop\\#5 Semester\\Exam\\UAS\\Web Programming (9 Februari - 13.00)\\2440067093_UAS\\vendor\\symfony\\console\\Application.php(1040): Illuminate\\Console\\Command->run(Object(Symfony\\Component\\Console\\Input\\ArgvInput), Object(Symfony\\Component\\Console\\Output\\ConsoleOutput))
#31 C:\\Users\\Adriel\\Desktop\\#5 Semester\\Exam\\UAS\\Web Programming (9 Februari - 13.00)\\2440067093_UAS\\vendor\\symfony\\console\\Application.php(301): Symfony\\Component\\Console\\Application->doRunCommand(Object(Illuminate\\Database\\Console\\Seeds\\SeedCommand), Object(Symfony\\Component\\Console\\Input\\ArgvInput), Object(Symfony\\Component\\Console\\Output\\ConsoleOutput))
#32 C:\\Users\\Adriel\\Desktop\\#5 Semester\\Exam\\UAS\\Web Programming (9 Februari - 13.00)\\2440067093_UAS\\vendor\\symfony\\console\\Application.php(171): Symfony\\Component\\Console\\Application->doRun(Object(Symfony\\Component\\Console\\Input\\ArgvInput), Object(Symfony\\Component\\Console\\Output\\ConsoleOutput))
#33 C:\\Users\\Adriel\\Desktop\\#5 Semester\\Exam\\UAS\\Web Programming (9 Februari - 13.00)\\2440067093_UAS\\vendor\\laravel\\framework\\src\\Illuminate\\Console\\Application.php(94): Symfony\\Component\\Console\\Application->run(Object(Symfony\\Component\\Console\\Input\\ArgvInput), Object(Symfony\\Component\\Console\\Output\\ConsoleOutput))
#34 C:\\Users\\Adriel\\Desktop\\#5 Semester\\Exam\\UAS\\Web Programming (9 Februari - 13.00)\\2440067093_UAS\\vendor\\laravel\\framework\\src\\Illuminate\\Foundation\\Console\\Kernel.php(129): Illuminate\\Console\\Application->run(Object(Symfony\\Component\\Console\\Input\\ArgvInput), Object(Symfony\\Component\\Console\\Output\\ConsoleOutput))
#35 C:\\Users\\Adriel\\Desktop\\#5 Semester\\Exam\\UAS\\Web Programming (9 Februari - 13.00)\\2440067093_UAS\\artisan(37): Illuminate\\Foundation\\Console\\Kernel->handle(Object(Symfony\\Component\\Console\\Input\\ArgvInput), Object(Symfony\\Component\\Console\\Output\\ConsoleOutput))
#36 {main}

[previous exception] [object] (PDOException(code: 23000): SQLSTATE[23000]: Integrity constraint violation: 1452 Cannot add or update a child row: a foreign key constraint fails (`temporary_db1`.`accounts`, CONSTRAINT `accounts_role_id_foreign` FOREIGN KEY (`role_id`) REFERENCES `roles` (`id`)) at C:\\Users\\Adriel\\Desktop\\#5 Semester\\Exam\\UAS\\Web Programming (9 Februari - 13.00)\\2440067093_UAS\\vendor\\laravel\\framework\\src\\Illuminate\\Database\\Connection.php:501)
[stacktrace]
#0 C:\\Users\\Adriel\\Desktop\\#5 Semester\\Exam\\UAS\\Web Programming (9 Februari - 13.00)\\2440067093_UAS\\vendor\\laravel\\framework\\src\\Illuminate\\Database\\Connection.php(501): PDOStatement->execute()
#1 C:\\Users\\Adriel\\Desktop\\#5 Semester\\Exam\\UAS\\Web Programming (9 Februari - 13.00)\\2440067093_UAS\\vendor\\laravel\\framework\\src\\Illuminate\\Database\\Connection.php(705): Illuminate\\Database\\Connection->Illuminate\\Database\\{closure}('insert into `ac...', Array)
#2 C:\\Users\\Adriel\\Desktop\\#5 Semester\\Exam\\UAS\\Web Programming (9 Februari - 13.00)\\2440067093_UAS\\vendor\\laravel\\framework\\src\\Illuminate\\Database\\Connection.php(672): Illuminate\\Database\\Connection->runQueryCallback('insert into `ac...', Array, Object(Closure))
#3 C:\\Users\\Adriel\\Desktop\\#5 Semester\\Exam\\UAS\\Web Programming (9 Februari - 13.00)\\2440067093_UAS\\vendor\\laravel\\framework\\src\\Illuminate\\Database\\Connection.php(502): Illuminate\\Database\\Connection->run('insert into `ac...', Array, Object(Closure))
#4 C:\\Users\\Adriel\\Desktop\\#5 Semester\\Exam\\UAS\\Web Programming (9 Februari - 13.00)\\2440067093_UAS\\vendor\\laravel\\framework\\src\\Illuminate\\Database\\Connection.php(454): Illuminate\\Database\\Connection->statement('insert into `ac...', Array)
#5 C:\\Users\\Adriel\\Desktop\\#5 Semester\\Exam\\UAS\\Web Programming (9 Februari - 13.00)\\2440067093_UAS\\vendor\\laravel\\framework\\src\\Illuminate\\Database\\Query\\Builder.php(2980): Illuminate\\Database\\Connection->insert('insert into `ac...', Array)
#6 C:\\Users\\Adriel\\Desktop\\#5 Semester\\Exam\\UAS\\Web Programming (9 Februari - 13.00)\\2440067093_UAS\\database\\seeders\\AccountSeeder.php(25): Illuminate\\Database\\Query\\Builder->insert(Array)
#7 C:\\Users\\Adriel\\Desktop\\#5 Semester\\Exam\\UAS\\Web Programming (9 Februari - 13.00)\\2440067093_UAS\\vendor\\laravel\\framework\\src\\Illuminate\\Container\\BoundMethod.php(36): Database\\Seeders\\AccountSeeder->run()
#8 C:\\Users\\Adriel\\Desktop\\#5 Semester\\Exam\\UAS\\Web Programming (9 Februari - 13.00)\\2440067093_UAS\\vendor\\laravel\\framework\\src\\Illuminate\\Container\\Util.php(40): Illuminate\\Container\\BoundMethod::Illuminate\\Container\\{closure}()
#9 C:\\Users\\Adriel\\Desktop\\#5 Semester\\Exam\\UAS\\Web Programming (9 Februari - 13.00)\\2440067093_UAS\\vendor\\laravel\\framework\\src\\Illuminate\\Container\\BoundMethod.php(93): Illuminate\\Container\\Util::unwrapIfClosure(Object(Closure))
#10 C:\\Users\\Adriel\\Desktop\\#5 Semester\\Exam\\UAS\\Web Programming (9 Februari - 13.00)\\2440067093_UAS\\vendor\\laravel\\framework\\src\\Illuminate\\Container\\BoundMethod.php(37): Illuminate\\Container\\BoundMethod::callBoundMethod(Object(Illuminate\\Foundation\\Application), Array, Object(Closure))
#11 C:\\Users\\Adriel\\Desktop\\#5 Semester\\Exam\\UAS\\Web Programming (9 Februari - 13.00)\\2440067093_UAS\\vendor\\laravel\\framework\\src\\Illuminate\\Container\\Container.php(653): Illuminate\\Container\\BoundMethod::call(Object(Illuminate\\Foundation\\Application), Array, Array, NULL)
#12 C:\\Users\\Adriel\\Desktop\\#5 Semester\\Exam\\UAS\\Web Programming (9 Februari - 13.00)\\2440067093_UAS\\vendor\\laravel\\framework\\src\\Illuminate\\Database\\Seeder.php(149): Illuminate\\Container\\Container->call(Array, Array)
#13 C:\\Users\\Adriel\\Desktop\\#5 Semester\\Exam\\UAS\\Web Programming (9 Februari - 13.00)\\2440067093_UAS\\vendor\\laravel\\framework\\src\\Illuminate\\Database\\Seeder.php(49): Illuminate\\Database\\Seeder->__invoke(Array)
#14 C:\\Users\\Adriel\\Desktop\\#5 Semester\\Exam\\UAS\\Web Programming (9 Februari - 13.00)\\2440067093_UAS\\database\\seeders\\DatabaseSeeder.php(17): Illuminate\\Database\\Seeder->call('Database\\\\Seeder...')
#15 C:\\Users\\Adriel\\Desktop\\#5 Semester\\Exam\\UAS\\Web Programming (9 Februari - 13.00)\\2440067093_UAS\\vendor\\laravel\\framework\\src\\Illuminate\\Container\\BoundMethod.php(36): Database\\Seeders\\DatabaseSeeder->run()
#16 C:\\Users\\Adriel\\Desktop\\#5 Semester\\Exam\\UAS\\Web Programming (9 Februari - 13.00)\\2440067093_UAS\\vendor\\laravel\\framework\\src\\Illuminate\\Container\\Util.php(40): Illuminate\\Container\\BoundMethod::Illuminate\\Container\\{closure}()
#17 C:\\Users\\Adriel\\Desktop\\#5 Semester\\Exam\\UAS\\Web Programming (9 Februari - 13.00)\\2440067093_UAS\\vendor\\laravel\\framework\\src\\Illuminate\\Container\\BoundMethod.php(93): Illuminate\\Container\\Util::unwrapIfClosure(Object(Closure))
#18 C:\\Users\\Adriel\\Desktop\\#5 Semester\\Exam\\UAS\\Web Programming (9 Februari - 13.00)\\2440067093_UAS\\vendor\\laravel\\framework\\src\\Illuminate\\Container\\BoundMethod.php(37): Illuminate\\Container\\BoundMethod::callBoundMethod(Object(Illuminate\\Foundation\\Application), Array, Object(Closure))
#19 C:\\Users\\Adriel\\Desktop\\#5 Semester\\Exam\\UAS\\Web Programming (9 Februari - 13.00)\\2440067093_UAS\\vendor\\laravel\\framework\\src\\Illuminate\\Container\\Container.php(653): Illuminate\\Container\\BoundMethod::call(Object(Illuminate\\Foundation\\Application), Array, Array, NULL)
#20 C:\\Users\\Adriel\\Desktop\\#5 Semester\\Exam\\UAS\\Web Programming (9 Februari - 13.00)\\2440067093_UAS\\vendor\\laravel\\framework\\src\\Illuminate\\Database\\Seeder.php(149): Illuminate\\Container\\Container->call(Array, Array)
#21 C:\\Users\\Adriel\\Desktop\\#5 Semester\\Exam\\UAS\\Web Programming (9 Februari - 13.00)\\2440067093_UAS\\vendor\\laravel\\framework\\src\\Illuminate\\Database\\Console\\Seeds\\SeedCommand.php(66): Illuminate\\Database\\Seeder->__invoke()
#22 C:\\Users\\Adriel\\Desktop\\#5 Semester\\Exam\\UAS\\Web Programming (9 Februari - 13.00)\\2440067093_UAS\\vendor\\laravel\\framework\\src\\Illuminate\\Database\\Eloquent\\Concerns\\GuardsAttributes.php(157): Illuminate\\Database\\Console\\Seeds\\SeedCommand->Illuminate\\Database\\Console\\Seeds\\{closure}()
#23 C:\\Users\\Adriel\\Desktop\\#5 Semester\\Exam\\UAS\\Web Programming (9 Februari - 13.00)\\2440067093_UAS\\vendor\\laravel\\framework\\src\\Illuminate\\Database\\Console\\Seeds\\SeedCommand.php(67): Illuminate\\Database\\Eloquent\\Model::unguarded(Object(Closure))
#24 C:\\Users\\Adriel\\Desktop\\#5 Semester\\Exam\\UAS\\Web Programming (9 Februari - 13.00)\\2440067093_UAS\\vendor\\laravel\\framework\\src\\Illuminate\\Container\\BoundMethod.php(36): Illuminate\\Database\\Console\\Seeds\\SeedCommand->handle()
#25 C:\\Users\\Adriel\\Desktop\\#5 Semester\\Exam\\UAS\\Web Programming (9 Februari - 13.00)\\2440067093_UAS\\vendor\\laravel\\framework\\src\\Illuminate\\Container\\Util.php(40): Illuminate\\Container\\BoundMethod::Illuminate\\Container\\{closure}()
#26 C:\\Users\\Adriel\\Desktop\\#5 Semester\\Exam\\UAS\\Web Programming (9 Februari - 13.00)\\2440067093_UAS\\vendor\\laravel\\framework\\src\\Illuminate\\Container\\BoundMethod.php(93): Illuminate\\Container\\Util::unwrapIfClosure(Object(Closure))
#27 C:\\Users\\Adriel\\Desktop\\#5 Semester\\Exam\\UAS\\Web Programming (9 Februari - 13.00)\\2440067093_UAS\\vendor\\laravel\\framework\\src\\Illuminate\\Container\\BoundMethod.php(37): Illuminate\\Container\\BoundMethod::callBoundMethod(Object(Illuminate\\Foundation\\Application), Array, Object(Closure))
#28 C:\\Users\\Adriel\\Desktop\\#5 Semester\\Exam\\UAS\\Web Programming (9 Februari - 13.00)\\2440067093_UAS\\vendor\\laravel\\framework\\src\\Illuminate\\Container\\Container.php(653): Illuminate\\Container\\BoundMethod::call(Object(Illuminate\\Foundation\\Application), Array, Array, NULL)
#29 C:\\Users\\Adriel\\Desktop\\#5 Semester\\Exam\\UAS\\Web Programming (9 Februari - 13.00)\\2440067093_UAS\\vendor\\laravel\\framework\\src\\Illuminate\\Console\\Command.php(136): Illuminate\\Container\\Container->call(Array)
#30 C:\\Users\\Adriel\\Desktop\\#5 Semester\\Exam\\UAS\\Web Programming (9 Februari - 13.00)\\2440067093_UAS\\vendor\\symfony\\console\\Command\\Command.php(298): Illuminate\\Console\\Command->execute(Object(Symfony\\Component\\Console\\Input\\ArgvInput), Object(Illuminate\\Console\\OutputStyle))
#31 C:\\Users\\Adriel\\Desktop\\#5 Semester\\Exam\\UAS\\Web Programming (9 Februari - 13.00)\\2440067093_UAS\\vendor\\laravel\\framework\\src\\Illuminate\\Console\\Command.php(121): Symfony\\Component\\Console\\Command\\Command->run(Object(Symfony\\Component\\Console\\Input\\ArgvInput), Object(Illuminate\\Console\\OutputStyle))
#32 C:\\Users\\Adriel\\Desktop\\#5 Semester\\Exam\\UAS\\Web Programming (9 Februari - 13.00)\\2440067093_UAS\\vendor\\symfony\\console\\Application.php(1040): Illuminate\\Console\\Command->run(Object(Symfony\\Component\\Console\\Input\\ArgvInput), Object(Symfony\\Component\\Console\\Output\\ConsoleOutput))
#33 C:\\Users\\Adriel\\Desktop\\#5 Semester\\Exam\\UAS\\Web Programming (9 Februari - 13.00)\\2440067093_UAS\\vendor\\symfony\\console\\Application.php(301): Symfony\\Component\\Console\\Application->doRunCommand(Object(Illuminate\\Database\\Console\\Seeds\\SeedCommand), Object(Symfony\\Component\\Console\\Input\\ArgvInput), Object(Symfony\\Component\\Console\\Output\\ConsoleOutput))
#34 C:\\Users\\Adriel\\Desktop\\#5 Semester\\Exam\\UAS\\Web Programming (9 Februari - 13.00)\\2440067093_UAS\\vendor\\symfony\\console\\Application.php(171): Symfony\\Component\\Console\\Application->doRun(Object(Symfony\\Component\\Console\\Input\\ArgvInput), Object(Symfony\\Component\\Console\\Output\\ConsoleOutput))
#35 C:\\Users\\Adriel\\Desktop\\#5 Semester\\Exam\\UAS\\Web Programming (9 Februari - 13.00)\\2440067093_UAS\\vendor\\laravel\\framework\\src\\Illuminate\\Console\\Application.php(94): Symfony\\Component\\Console\\Application->run(Object(Symfony\\Component\\Console\\Input\\ArgvInput), Object(Symfony\\Component\\Console\\Output\\ConsoleOutput))
#36 C:\\Users\\Adriel\\Desktop\\#5 Semester\\Exam\\UAS\\Web Programming (9 Februari - 13.00)\\2440067093_UAS\\vendor\\laravel\\framework\\src\\Illuminate\\Foundation\\Console\\Kernel.php(129): Illuminate\\Console\\Application->run(Object(Symfony\\Component\\Console\\Input\\ArgvInput), Object(Symfony\\Component\\Console\\Output\\ConsoleOutput))
#37 C:\\Users\\Adriel\\Desktop\\#5 Semester\\Exam\\UAS\\Web Programming (9 Februari - 13.00)\\2440067093_UAS\\artisan(37): Illuminate\\Foundation\\Console\\Kernel->handle(Object(Symfony\\Component\\Console\\Input\\ArgvInput), Object(Symfony\\Component\\Console\\Output\\ConsoleOutput))
#38 {main}
"} 
[2023-02-09 04:13:27] local.ERROR: Uncaught Error: Class "App\Models\Authenticatable" not found in C:\Users\Adriel\Desktop\#5 Semester\Exam\UAS\Web Programming (9 Februari - 13.00)\2440067093_UAS\app\Models\Account.php:8
Stack trace:
#0 C:\Users\Adriel\Desktop\#5 Semester\Exam\UAS\Web Programming (9 Februari - 13.00)\2440067093_UAS\vendor\composer\ClassLoader.php(122): include()
#1 C:\Users\Adriel\Desktop\#5 Semester\Exam\UAS\Web Programming (9 Februari - 13.00)\2440067093_UAS\vendor\composer\ClassLoader.php(443): Composer\Autoload\ClassLoader::Composer\Autoload\{closure}('C:\\Users\\Adriel...')
#2 [internal function]: Composer\Autoload\ClassLoader->loadClass('App\\Models\\Acco...')
#3 Command line code(1): class_exists('App\\Models\\Acco...')
#4 [internal function]: {closure}('App\\Models\\Acco...')
#5 Command line code(1): array_filter(Array, Object(Closure))
#6 {main}
  thrown {"exception":"[object] (Symfony\\Component\\ErrorHandler\\Error\\FatalError(code: 0): Uncaught Error: Class \"App\\Models\\Authenticatable\" not found in C:\\Users\\Adriel\\Desktop\\#5 Semester\\Exam\\UAS\\Web Programming (9 Februari - 13.00)\\2440067093_UAS\\app\\Models\\Account.php:8
Stack trace:
#0 C:\\Users\\Adriel\\Desktop\\#5 Semester\\Exam\\UAS\\Web Programming (9 Februari - 13.00)\\2440067093_UAS\\vendor\\composer\\ClassLoader.php(122): include()
#1 C:\\Users\\Adriel\\Desktop\\#5 Semester\\Exam\\UAS\\Web Programming (9 Februari - 13.00)\\2440067093_UAS\\vendor\\composer\\ClassLoader.php(443): Composer\\Autoload\\ClassLoader::Composer\\Autoload\\{closure}('C:\\\\Users\\\\Adriel...')
#2 [internal function]: Composer\\Autoload\\ClassLoader->loadClass('App\\\\Models\\\\Acco...')
#3 Command line code(1): class_exists('App\\\\Models\\\\Acco...')
#4 [internal function]: {closure}('App\\\\Models\\\\Acco...')
#5 Command line code(1): array_filter(Array, Object(Closure))
#6 {main}
  thrown at C:\\Users\\Adriel\\Desktop\\#5 Semester\\Exam\\UAS\\Web Programming (9 Februari - 13.00)\\2440067093_UAS\\app\\Models\\Account.php:8)
[stacktrace]
#0 {main}
"} 
[2023-02-09 04:13:31] local.ERROR: Uncaught Error: Class "App\Models\Authenticatable" not found in C:\Users\Adriel\Desktop\#5 Semester\Exam\UAS\Web Programming (9 Februari - 13.00)\2440067093_UAS\app\Models\Account.php:8
Stack trace:
#0 Command line code(1): include_once()
#1 {main}
  thrown {"exception":"[object] (Symfony\\Component\\ErrorHandler\\Error\\FatalError(code: 0): Uncaught Error: Class \"App\\Models\\Authenticatable\" not found in C:\\Users\\Adriel\\Desktop\\#5 Semester\\Exam\\UAS\\Web Programming (9 Februari - 13.00)\\2440067093_UAS\\app\\Models\\Account.php:8
Stack trace:
#0 Command line code(1): include_once()
#1 {main}
  thrown at C:\\Users\\Adriel\\Desktop\\#5 Semester\\Exam\\UAS\\Web Programming (9 Februari - 13.00)\\2440067093_UAS\\app\\Models\\Account.php:8)
[stacktrace]
#0 {main}
"} 
[2023-02-09 04:13:40] local.ERROR: Uncaught Error: Class "App\Models\Authenticatable" not found in C:\Users\Adriel\Desktop\#5 Semester\Exam\UAS\Web Programming (9 Februari - 13.00)\2440067093_UAS\app\Models\Account.php:8
Stack trace:
#0 Command line code(1): include_once()
#1 {main}
  thrown {"exception":"[object] (Symfony\\Component\\ErrorHandler\\Error\\FatalError(code: 0): Uncaught Error: Class \"App\\Models\\Authenticatable\" not found in C:\\Users\\Adriel\\Desktop\\#5 Semester\\Exam\\UAS\\Web Programming (9 Februari - 13.00)\\2440067093_UAS\\app\\Models\\Account.php:8
Stack trace:
#0 Command line code(1): include_once()
#1 {main}
  thrown at C:\\Users\\Adriel\\Desktop\\#5 Semester\\Exam\\UAS\\Web Programming (9 Februari - 13.00)\\2440067093_UAS\\app\\Models\\Account.php:8)
[stacktrace]
#0 {main}
"} 
[2023-02-09 04:14:27] local.ERROR: Uncaught Error: Class "App\Models\Authenticatable" not found in C:\Users\Adriel\Desktop\#5 Semester\Exam\UAS\Web Programming (9 Februari - 13.00)\2440067093_UAS\app\Models\Account.php:8
Stack trace:
#0 C:\Users\Adriel\Desktop\#5 Semester\Exam\UAS\Web Programming (9 Februari - 13.00)\2440067093_UAS\vendor\composer\ClassLoader.php(122): include()
#1 C:\Users\Adriel\Desktop\#5 Semester\Exam\UAS\Web Programming (9 Februari - 13.00)\2440067093_UAS\vendor\composer\ClassLoader.php(443): Composer\Autoload\ClassLoader::Composer\Autoload\{closure}('C:\\Users\\Adriel...')
#2 [internal function]: Composer\Autoload\ClassLoader->loadClass('App\\Models\\Acco...')
#3 Command line code(1): class_exists('App\\Models\\Acco...')
#4 [internal function]: {closure}('App\\Models\\Acco...')
#5 Command line code(1): array_filter(Array, Object(Closure))
#6 {main}
  thrown {"exception":"[object] (Symfony\\Component\\ErrorHandler\\Error\\FatalError(code: 0): Uncaught Error: Class \"App\\Models\\Authenticatable\" not found in C:\\Users\\Adriel\\Desktop\\#5 Semester\\Exam\\UAS\\Web Programming (9 Februari - 13.00)\\2440067093_UAS\\app\\Models\\Account.php:8
Stack trace:
#0 C:\\Users\\Adriel\\Desktop\\#5 Semester\\Exam\\UAS\\Web Programming (9 Februari - 13.00)\\2440067093_UAS\\vendor\\composer\\ClassLoader.php(122): include()
#1 C:\\Users\\Adriel\\Desktop\\#5 Semester\\Exam\\UAS\\Web Programming (9 Februari - 13.00)\\2440067093_UAS\\vendor\\composer\\ClassLoader.php(443): Composer\\Autoload\\ClassLoader::Composer\\Autoload\\{closure}('C:\\\\Users\\\\Adriel...')
#2 [internal function]: Composer\\Autoload\\ClassLoader->loadClass('App\\\\Models\\\\Acco...')
#3 Command line code(1): class_exists('App\\\\Models\\\\Acco...')
#4 [internal function]: {closure}('App\\\\Models\\\\Acco...')
#5 Command line code(1): array_filter(Array, Object(Closure))
#6 {main}
  thrown at C:\\Users\\Adriel\\Desktop\\#5 Semester\\Exam\\UAS\\Web Programming (9 Februari - 13.00)\\2440067093_UAS\\app\\Models\\Account.php:8)
[stacktrace]
#0 {main}
"} 
[2023-02-09 04:16:58] local.ERROR: SQLSTATE[23000]: Integrity constraint violation: 1452 Cannot add or update a child row: a foreign key constraint fails (`temporary_db1`.`accounts`, CONSTRAINT `accounts_role_id_foreign` FOREIGN KEY (`role_id`) REFERENCES `roles` (`id`)) (SQL: insert into `accounts` (`role_id`, `gender_id`, `first_name`, `last_name`, `email`, `display_picture_link`, `password`) values (1, 1, Admin, Udin, admin@gmail.com, https://www.gravatar.com/avatar/00000000000000000000000000000000?d=mp&f=y, $2y$10$m9cgf4hwti9pJgyRdrsxBeYf0WVXKzIif7Ga3X//nemrGMGyZWzqm)) {"exception":"[object] (Illuminate\\Database\\QueryException(code: 23000): SQLSTATE[23000]: Integrity constraint violation: 1452 Cannot add or update a child row: a foreign key constraint fails (`temporary_db1`.`accounts`, CONSTRAINT `accounts_role_id_foreign` FOREIGN KEY (`role_id`) REFERENCES `roles` (`id`)) (SQL: insert into `accounts` (`role_id`, `gender_id`, `first_name`, `last_name`, `email`, `display_picture_link`, `password`) values (1, 1, Admin, Udin, admin@gmail.com, https://www.gravatar.com/avatar/00000000000000000000000000000000?d=mp&f=y, $2y$10$m9cgf4hwti9pJgyRdrsxBeYf0WVXKzIif7Ga3X//nemrGMGyZWzqm)) at C:\\Users\\Adriel\\Desktop\\#5 Semester\\Exam\\UAS\\Web Programming (9 Februari - 13.00)\\2440067093_UAS\\vendor\\laravel\\framework\\src\\Illuminate\\Database\\Connection.php:712)
[stacktrace]
#0 C:\\Users\\Adriel\\Desktop\\#5 Semester\\Exam\\UAS\\Web Programming (9 Februari - 13.00)\\2440067093_UAS\\vendor\\laravel\\framework\\src\\Illuminate\\Database\\Connection.php(672): Illuminate\\Database\\Connection->runQueryCallback('insert into `ac...', Array, Object(Closure))
#1 C:\\Users\\Adriel\\Desktop\\#5 Semester\\Exam\\UAS\\Web Programming (9 Februari - 13.00)\\2440067093_UAS\\vendor\\laravel\\framework\\src\\Illuminate\\Database\\Connection.php(502): Illuminate\\Database\\Connection->run('insert into `ac...', Array, Object(Closure))
#2 C:\\Users\\Adriel\\Desktop\\#5 Semester\\Exam\\UAS\\Web Programming (9 Februari - 13.00)\\2440067093_UAS\\vendor\\laravel\\framework\\src\\Illuminate\\Database\\Connection.php(454): Illuminate\\Database\\Connection->statement('insert into `ac...', Array)
#3 C:\\Users\\Adriel\\Desktop\\#5 Semester\\Exam\\UAS\\Web Programming (9 Februari - 13.00)\\2440067093_UAS\\vendor\\laravel\\framework\\src\\Illuminate\\Database\\Query\\Builder.php(2980): Illuminate\\Database\\Connection->insert('insert into `ac...', Array)
#4 C:\\Users\\Adriel\\Desktop\\#5 Semester\\Exam\\UAS\\Web Programming (9 Februari - 13.00)\\2440067093_UAS\\database\\seeders\\AccountSeeder.php(25): Illuminate\\Database\\Query\\Builder->insert(Array)
#5 C:\\Users\\Adriel\\Desktop\\#5 Semester\\Exam\\UAS\\Web Programming (9 Februari - 13.00)\\2440067093_UAS\\vendor\\laravel\\framework\\src\\Illuminate\\Container\\BoundMethod.php(36): Database\\Seeders\\AccountSeeder->run()
#6 C:\\Users\\Adriel\\Desktop\\#5 Semester\\Exam\\UAS\\Web Programming (9 Februari - 13.00)\\2440067093_UAS\\vendor\\laravel\\framework\\src\\Illuminate\\Container\\Util.php(40): Illuminate\\Container\\BoundMethod::Illuminate\\Container\\{closure}()
#7 C:\\Users\\Adriel\\Desktop\\#5 Semester\\Exam\\UAS\\Web Programming (9 Februari - 13.00)\\2440067093_UAS\\vendor\\laravel\\framework\\src\\Illuminate\\Container\\BoundMethod.php(93): Illuminate\\Container\\Util::unwrapIfClosure(Object(Closure))
#8 C:\\Users\\Adriel\\Desktop\\#5 Semester\\Exam\\UAS\\Web Programming (9 Februari - 13.00)\\2440067093_UAS\\vendor\\laravel\\framework\\src\\Illuminate\\Container\\BoundMethod.php(37): Illuminate\\Container\\BoundMethod::callBoundMethod(Object(Illuminate\\Foundation\\Application), Array, Object(Closure))
#9 C:\\Users\\Adriel\\Desktop\\#5 Semester\\Exam\\UAS\\Web Programming (9 Februari - 13.00)\\2440067093_UAS\\vendor\\laravel\\framework\\src\\Illuminate\\Container\\Container.php(653): Illuminate\\Container\\BoundMethod::call(Object(Illuminate\\Foundation\\Application), Array, Array, NULL)
#10 C:\\Users\\Adriel\\Desktop\\#5 Semester\\Exam\\UAS\\Web Programming (9 Februari - 13.00)\\2440067093_UAS\\vendor\\laravel\\framework\\src\\Illuminate\\Database\\Seeder.php(149): Illuminate\\Container\\Container->call(Array, Array)
#11 C:\\Users\\Adriel\\Desktop\\#5 Semester\\Exam\\UAS\\Web Programming (9 Februari - 13.00)\\2440067093_UAS\\vendor\\laravel\\framework\\src\\Illuminate\\Database\\Seeder.php(49): Illuminate\\Database\\Seeder->__invoke(Array)
#12 C:\\Users\\Adriel\\Desktop\\#5 Semester\\Exam\\UAS\\Web Programming (9 Februari - 13.00)\\2440067093_UAS\\database\\seeders\\DatabaseSeeder.php(17): Illuminate\\Database\\Seeder->call('Database\\\\Seeder...')
#13 C:\\Users\\Adriel\\Desktop\\#5 Semester\\Exam\\UAS\\Web Programming (9 Februari - 13.00)\\2440067093_UAS\\vendor\\laravel\\framework\\src\\Illuminate\\Container\\BoundMethod.php(36): Database\\Seeders\\DatabaseSeeder->run()
#14 C:\\Users\\Adriel\\Desktop\\#5 Semester\\Exam\\UAS\\Web Programming (9 Februari - 13.00)\\2440067093_UAS\\vendor\\laravel\\framework\\src\\Illuminate\\Container\\Util.php(40): Illuminate\\Container\\BoundMethod::Illuminate\\Container\\{closure}()
#15 C:\\Users\\Adriel\\Desktop\\#5 Semester\\Exam\\UAS\\Web Programming (9 Februari - 13.00)\\2440067093_UAS\\vendor\\laravel\\framework\\src\\Illuminate\\Container\\BoundMethod.php(93): Illuminate\\Container\\Util::unwrapIfClosure(Object(Closure))
#16 C:\\Users\\Adriel\\Desktop\\#5 Semester\\Exam\\UAS\\Web Programming (9 Februari - 13.00)\\2440067093_UAS\\vendor\\laravel\\framework\\src\\Illuminate\\Container\\BoundMethod.php(37): Illuminate\\Container\\BoundMethod::callBoundMethod(Object(Illuminate\\Foundation\\Application), Array, Object(Closure))
#17 C:\\Users\\Adriel\\Desktop\\#5 Semester\\Exam\\UAS\\Web Programming (9 Februari - 13.00)\\2440067093_UAS\\vendor\\laravel\\framework\\src\\Illuminate\\Container\\Container.php(653): Illuminate\\Container\\BoundMethod::call(Object(Illuminate\\Foundation\\Application), Array, Array, NULL)
#18 C:\\Users\\Adriel\\Desktop\\#5 Semester\\Exam\\UAS\\Web Programming (9 Februari - 13.00)\\2440067093_UAS\\vendor\\laravel\\framework\\src\\Illuminate\\Database\\Seeder.php(149): Illuminate\\Container\\Container->call(Array, Array)
#19 C:\\Users\\Adriel\\Desktop\\#5 Semester\\Exam\\UAS\\Web Programming (9 Februari - 13.00)\\2440067093_UAS\\vendor\\laravel\\framework\\src\\Illuminate\\Database\\Console\\Seeds\\SeedCommand.php(66): Illuminate\\Database\\Seeder->__invoke()
#20 C:\\Users\\Adriel\\Desktop\\#5 Semester\\Exam\\UAS\\Web Programming (9 Februari - 13.00)\\2440067093_UAS\\vendor\\laravel\\framework\\src\\Illuminate\\Database\\Eloquent\\Concerns\\GuardsAttributes.php(157): Illuminate\\Database\\Console\\Seeds\\SeedCommand->Illuminate\\Database\\Console\\Seeds\\{closure}()
#21 C:\\Users\\Adriel\\Desktop\\#5 Semester\\Exam\\UAS\\Web Programming (9 Februari - 13.00)\\2440067093_UAS\\vendor\\laravel\\framework\\src\\Illuminate\\Database\\Console\\Seeds\\SeedCommand.php(67): Illuminate\\Database\\Eloquent\\Model::unguarded(Object(Closure))
#22 C:\\Users\\Adriel\\Desktop\\#5 Semester\\Exam\\UAS\\Web Programming (9 Februari - 13.00)\\2440067093_UAS\\vendor\\laravel\\framework\\src\\Illuminate\\Container\\BoundMethod.php(36): Illuminate\\Database\\Console\\Seeds\\SeedCommand->handle()
#23 C:\\Users\\Adriel\\Desktop\\#5 Semester\\Exam\\UAS\\Web Programming (9 Februari - 13.00)\\2440067093_UAS\\vendor\\laravel\\framework\\src\\Illuminate\\Container\\Util.php(40): Illuminate\\Container\\BoundMethod::Illuminate\\Container\\{closure}()
#24 C:\\Users\\Adriel\\Desktop\\#5 Semester\\Exam\\UAS\\Web Programming (9 Februari - 13.00)\\2440067093_UAS\\vendor\\laravel\\framework\\src\\Illuminate\\Container\\BoundMethod.php(93): Illuminate\\Container\\Util::unwrapIfClosure(Object(Closure))
#25 C:\\Users\\Adriel\\Desktop\\#5 Semester\\Exam\\UAS\\Web Programming (9 Februari - 13.00)\\2440067093_UAS\\vendor\\laravel\\framework\\src\\Illuminate\\Container\\BoundMethod.php(37): Illuminate\\Container\\BoundMethod::callBoundMethod(Object(Illuminate\\Foundation\\Application), Array, Object(Closure))
#26 C:\\Users\\Adriel\\Desktop\\#5 Semester\\Exam\\UAS\\Web Programming (9 Februari - 13.00)\\2440067093_UAS\\vendor\\laravel\\framework\\src\\Illuminate\\Container\\Container.php(653): Illuminate\\Container\\BoundMethod::call(Object(Illuminate\\Foundation\\Application), Array, Array, NULL)
#27 C:\\Users\\Adriel\\Desktop\\#5 Semester\\Exam\\UAS\\Web Programming (9 Februari - 13.00)\\2440067093_UAS\\vendor\\laravel\\framework\\src\\Illuminate\\Console\\Command.php(136): Illuminate\\Container\\Container->call(Array)
#28 C:\\Users\\Adriel\\Desktop\\#5 Semester\\Exam\\UAS\\Web Programming (9 Februari - 13.00)\\2440067093_UAS\\vendor\\symfony\\console\\Command\\Command.php(298): Illuminate\\Console\\Command->execute(Object(Symfony\\Component\\Console\\Input\\ArgvInput), Object(Illuminate\\Console\\OutputStyle))
#29 C:\\Users\\Adriel\\Desktop\\#5 Semester\\Exam\\UAS\\Web Programming (9 Februari - 13.00)\\2440067093_UAS\\vendor\\laravel\\framework\\src\\Illuminate\\Console\\Command.php(121): Symfony\\Component\\Console\\Command\\Command->run(Object(Symfony\\Component\\Console\\Input\\ArgvInput), Object(Illuminate\\Console\\OutputStyle))
#30 C:\\Users\\Adriel\\Desktop\\#5 Semester\\Exam\\UAS\\Web Programming (9 Februari - 13.00)\\2440067093_UAS\\vendor\\symfony\\console\\Application.php(1040): Illuminate\\Console\\Command->run(Object(Symfony\\Component\\Console\\Input\\ArgvInput), Object(Symfony\\Component\\Console\\Output\\ConsoleOutput))
#31 C:\\Users\\Adriel\\Desktop\\#5 Semester\\Exam\\UAS\\Web Programming (9 Februari - 13.00)\\2440067093_UAS\\vendor\\symfony\\console\\Application.php(301): Symfony\\Component\\Console\\Application->doRunCommand(Object(Illuminate\\Database\\Console\\Seeds\\SeedCommand), Object(Symfony\\Component\\Console\\Input\\ArgvInput), Object(Symfony\\Component\\Console\\Output\\ConsoleOutput))
#32 C:\\Users\\Adriel\\Desktop\\#5 Semester\\Exam\\UAS\\Web Programming (9 Februari - 13.00)\\2440067093_UAS\\vendor\\symfony\\console\\Application.php(171): Symfony\\Component\\Console\\Application->doRun(Object(Symfony\\Component\\Console\\Input\\ArgvInput), Object(Symfony\\Component\\Console\\Output\\ConsoleOutput))
#33 C:\\Users\\Adriel\\Desktop\\#5 Semester\\Exam\\UAS\\Web Programming (9 Februari - 13.00)\\2440067093_UAS\\vendor\\laravel\\framework\\src\\Illuminate\\Console\\Application.php(94): Symfony\\Component\\Console\\Application->run(Object(Symfony\\Component\\Console\\Input\\ArgvInput), Object(Symfony\\Component\\Console\\Output\\ConsoleOutput))
#34 C:\\Users\\Adriel\\Desktop\\#5 Semester\\Exam\\UAS\\Web Programming (9 Februari - 13.00)\\2440067093_UAS\\vendor\\laravel\\framework\\src\\Illuminate\\Foundation\\Console\\Kernel.php(129): Illuminate\\Console\\Application->run(Object(Symfony\\Component\\Console\\Input\\ArgvInput), Object(Symfony\\Component\\Console\\Output\\ConsoleOutput))
#35 C:\\Users\\Adriel\\Desktop\\#5 Semester\\Exam\\UAS\\Web Programming (9 Februari - 13.00)\\2440067093_UAS\\artisan(37): Illuminate\\Foundation\\Console\\Kernel->handle(Object(Symfony\\Component\\Console\\Input\\ArgvInput), Object(Symfony\\Component\\Console\\Output\\ConsoleOutput))
#36 {main}

[previous exception] [object] (PDOException(code: 23000): SQLSTATE[23000]: Integrity constraint violation: 1452 Cannot add or update a child row: a foreign key constraint fails (`temporary_db1`.`accounts`, CONSTRAINT `accounts_role_id_foreign` FOREIGN KEY (`role_id`) REFERENCES `roles` (`id`)) at C:\\Users\\Adriel\\Desktop\\#5 Semester\\Exam\\UAS\\Web Programming (9 Februari - 13.00)\\2440067093_UAS\\vendor\\laravel\\framework\\src\\Illuminate\\Database\\Connection.php:501)
[stacktrace]
#0 C:\\Users\\Adriel\\Desktop\\#5 Semester\\Exam\\UAS\\Web Programming (9 Februari - 13.00)\\2440067093_UAS\\vendor\\laravel\\framework\\src\\Illuminate\\Database\\Connection.php(501): PDOStatement->execute()
#1 C:\\Users\\Adriel\\Desktop\\#5 Semester\\Exam\\UAS\\Web Programming (9 Februari - 13.00)\\2440067093_UAS\\vendor\\laravel\\framework\\src\\Illuminate\\Database\\Connection.php(705): Illuminate\\Database\\Connection->Illuminate\\Database\\{closure}('insert into `ac...', Array)
#2 C:\\Users\\Adriel\\Desktop\\#5 Semester\\Exam\\UAS\\Web Programming (9 Februari - 13.00)\\2440067093_UAS\\vendor\\laravel\\framework\\src\\Illuminate\\Database\\Connection.php(672): Illuminate\\Database\\Connection->runQueryCallback('insert into `ac...', Array, Object(Closure))
#3 C:\\Users\\Adriel\\Desktop\\#5 Semester\\Exam\\UAS\\Web Programming (9 Februari - 13.00)\\2440067093_UAS\\vendor\\laravel\\framework\\src\\Illuminate\\Database\\Connection.php(502): Illuminate\\Database\\Connection->run('insert into `ac...', Array, Object(Closure))
#4 C:\\Users\\Adriel\\Desktop\\#5 Semester\\Exam\\UAS\\Web Programming (9 Februari - 13.00)\\2440067093_UAS\\vendor\\laravel\\framework\\src\\Illuminate\\Database\\Connection.php(454): Illuminate\\Database\\Connection->statement('insert into `ac...', Array)
#5 C:\\Users\\Adriel\\Desktop\\#5 Semester\\Exam\\UAS\\Web Programming (9 Februari - 13.00)\\2440067093_UAS\\vendor\\laravel\\framework\\src\\Illuminate\\Database\\Query\\Builder.php(2980): Illuminate\\Database\\Connection->insert('insert into `ac...', Array)
#6 C:\\Users\\Adriel\\Desktop\\#5 Semester\\Exam\\UAS\\Web Programming (9 Februari - 13.00)\\2440067093_UAS\\database\\seeders\\AccountSeeder.php(25): Illuminate\\Database\\Query\\Builder->insert(Array)
#7 C:\\Users\\Adriel\\Desktop\\#5 Semester\\Exam\\UAS\\Web Programming (9 Februari - 13.00)\\2440067093_UAS\\vendor\\laravel\\framework\\src\\Illuminate\\Container\\BoundMethod.php(36): Database\\Seeders\\AccountSeeder->run()
#8 C:\\Users\\Adriel\\Desktop\\#5 Semester\\Exam\\UAS\\Web Programming (9 Februari - 13.00)\\2440067093_UAS\\vendor\\laravel\\framework\\src\\Illuminate\\Container\\Util.php(40): Illuminate\\Container\\BoundMethod::Illuminate\\Container\\{closure}()
#9 C:\\Users\\Adriel\\Desktop\\#5 Semester\\Exam\\UAS\\Web Programming (9 Februari - 13.00)\\2440067093_UAS\\vendor\\laravel\\framework\\src\\Illuminate\\Container\\BoundMethod.php(93): Illuminate\\Container\\Util::unwrapIfClosure(Object(Closure))
#10 C:\\Users\\Adriel\\Desktop\\#5 Semester\\Exam\\UAS\\Web Programming (9 Februari - 13.00)\\2440067093_UAS\\vendor\\laravel\\framework\\src\\Illuminate\\Container\\BoundMethod.php(37): Illuminate\\Container\\BoundMethod::callBoundMethod(Object(Illuminate\\Foundation\\Application), Array, Object(Closure))
#11 C:\\Users\\Adriel\\Desktop\\#5 Semester\\Exam\\UAS\\Web Programming (9 Februari - 13.00)\\2440067093_UAS\\vendor\\laravel\\framework\\src\\Illuminate\\Container\\Container.php(653): Illuminate\\Container\\BoundMethod::call(Object(Illuminate\\Foundation\\Application), Array, Array, NULL)
#12 C:\\Users\\Adriel\\Desktop\\#5 Semester\\Exam\\UAS\\Web Programming (9 Februari - 13.00)\\2440067093_UAS\\vendor\\laravel\\framework\\src\\Illuminate\\Database\\Seeder.php(149): Illuminate\\Container\\Container->call(Array, Array)
#13 C:\\Users\\Adriel\\Desktop\\#5 Semester\\Exam\\UAS\\Web Programming (9 Februari - 13.00)\\2440067093_UAS\\vendor\\laravel\\framework\\src\\Illuminate\\Database\\Seeder.php(49): Illuminate\\Database\\Seeder->__invoke(Array)
#14 C:\\Users\\Adriel\\Desktop\\#5 Semester\\Exam\\UAS\\Web Programming (9 Februari - 13.00)\\2440067093_UAS\\database\\seeders\\DatabaseSeeder.php(17): Illuminate\\Database\\Seeder->call('Database\\\\Seeder...')
#15 C:\\Users\\Adriel\\Desktop\\#5 Semester\\Exam\\UAS\\Web Programming (9 Februari - 13.00)\\2440067093_UAS\\vendor\\laravel\\framework\\src\\Illuminate\\Container\\BoundMethod.php(36): Database\\Seeders\\DatabaseSeeder->run()
#16 C:\\Users\\Adriel\\Desktop\\#5 Semester\\Exam\\UAS\\Web Programming (9 Februari - 13.00)\\2440067093_UAS\\vendor\\laravel\\framework\\src\\Illuminate\\Container\\Util.php(40): Illuminate\\Container\\BoundMethod::Illuminate\\Container\\{closure}()
#17 C:\\Users\\Adriel\\Desktop\\#5 Semester\\Exam\\UAS\\Web Programming (9 Februari - 13.00)\\2440067093_UAS\\vendor\\laravel\\framework\\src\\Illuminate\\Container\\BoundMethod.php(93): Illuminate\\Container\\Util::unwrapIfClosure(Object(Closure))
#18 C:\\Users\\Adriel\\Desktop\\#5 Semester\\Exam\\UAS\\Web Programming (9 Februari - 13.00)\\2440067093_UAS\\vendor\\laravel\\framework\\src\\Illuminate\\Container\\BoundMethod.php(37): Illuminate\\Container\\BoundMethod::callBoundMethod(Object(Illuminate\\Foundation\\Application), Array, Object(Closure))
#19 C:\\Users\\Adriel\\Desktop\\#5 Semester\\Exam\\UAS\\Web Programming (9 Februari - 13.00)\\2440067093_UAS\\vendor\\laravel\\framework\\src\\Illuminate\\Container\\Container.php(653): Illuminate\\Container\\BoundMethod::call(Object(Illuminate\\Foundation\\Application), Array, Array, NULL)
#20 C:\\Users\\Adriel\\Desktop\\#5 Semester\\Exam\\UAS\\Web Programming (9 Februari - 13.00)\\2440067093_UAS\\vendor\\laravel\\framework\\src\\Illuminate\\Database\\Seeder.php(149): Illuminate\\Container\\Container->call(Array, Array)
#21 C:\\Users\\Adriel\\Desktop\\#5 Semester\\Exam\\UAS\\Web Programming (9 Februari - 13.00)\\2440067093_UAS\\vendor\\laravel\\framework\\src\\Illuminate\\Database\\Console\\Seeds\\SeedCommand.php(66): Illuminate\\Database\\Seeder->__invoke()
#22 C:\\Users\\Adriel\\Desktop\\#5 Semester\\Exam\\UAS\\Web Programming (9 Februari - 13.00)\\2440067093_UAS\\vendor\\laravel\\framework\\src\\Illuminate\\Database\\Eloquent\\Concerns\\GuardsAttributes.php(157): Illuminate\\Database\\Console\\Seeds\\SeedCommand->Illuminate\\Database\\Console\\Seeds\\{closure}()
#23 C:\\Users\\Adriel\\Desktop\\#5 Semester\\Exam\\UAS\\Web Programming (9 Februari - 13.00)\\2440067093_UAS\\vendor\\laravel\\framework\\src\\Illuminate\\Database\\Console\\Seeds\\SeedCommand.php(67): Illuminate\\Database\\Eloquent\\Model::unguarded(Object(Closure))
#24 C:\\Users\\Adriel\\Desktop\\#5 Semester\\Exam\\UAS\\Web Programming (9 Februari - 13.00)\\2440067093_UAS\\vendor\\laravel\\framework\\src\\Illuminate\\Container\\BoundMethod.php(36): Illuminate\\Database\\Console\\Seeds\\SeedCommand->handle()
#25 C:\\Users\\Adriel\\Desktop\\#5 Semester\\Exam\\UAS\\Web Programming (9 Februari - 13.00)\\2440067093_UAS\\vendor\\laravel\\framework\\src\\Illuminate\\Container\\Util.php(40): Illuminate\\Container\\BoundMethod::Illuminate\\Container\\{closure}()
#26 C:\\Users\\Adriel\\Desktop\\#5 Semester\\Exam\\UAS\\Web Programming (9 Februari - 13.00)\\2440067093_UAS\\vendor\\laravel\\framework\\src\\Illuminate\\Container\\BoundMethod.php(93): Illuminate\\Container\\Util::unwrapIfClosure(Object(Closure))
#27 C:\\Users\\Adriel\\Desktop\\#5 Semester\\Exam\\UAS\\Web Programming (9 Februari - 13.00)\\2440067093_UAS\\vendor\\laravel\\framework\\src\\Illuminate\\Container\\BoundMethod.php(37): Illuminate\\Container\\BoundMethod::callBoundMethod(Object(Illuminate\\Foundation\\Application), Array, Object(Closure))
#28 C:\\Users\\Adriel\\Desktop\\#5 Semester\\Exam\\UAS\\Web Programming (9 Februari - 13.00)\\2440067093_UAS\\vendor\\laravel\\framework\\src\\Illuminate\\Container\\Container.php(653): Illuminate\\Container\\BoundMethod::call(Object(Illuminate\\Foundation\\Application), Array, Array, NULL)
#29 C:\\Users\\Adriel\\Desktop\\#5 Semester\\Exam\\UAS\\Web Programming (9 Februari - 13.00)\\2440067093_UAS\\vendor\\laravel\\framework\\src\\Illuminate\\Console\\Command.php(136): Illuminate\\Container\\Container->call(Array)
#30 C:\\Users\\Adriel\\Desktop\\#5 Semester\\Exam\\UAS\\Web Programming (9 Februari - 13.00)\\2440067093_UAS\\vendor\\symfony\\console\\Command\\Command.php(298): Illuminate\\Console\\Command->execute(Object(Symfony\\Component\\Console\\Input\\ArgvInput), Object(Illuminate\\Console\\OutputStyle))
#31 C:\\Users\\Adriel\\Desktop\\#5 Semester\\Exam\\UAS\\Web Programming (9 Februari - 13.00)\\2440067093_UAS\\vendor\\laravel\\framework\\src\\Illuminate\\Console\\Command.php(121): Symfony\\Component\\Console\\Command\\Command->run(Object(Symfony\\Component\\Console\\Input\\ArgvInput), Object(Illuminate\\Console\\OutputStyle))
#32 C:\\Users\\Adriel\\Desktop\\#5 Semester\\Exam\\UAS\\Web Programming (9 Februari - 13.00)\\2440067093_UAS\\vendor\\symfony\\console\\Application.php(1040): Illuminate\\Console\\Command->run(Object(Symfony\\Component\\Console\\Input\\ArgvInput), Object(Symfony\\Component\\Console\\Output\\ConsoleOutput))
#33 C:\\Users\\Adriel\\Desktop\\#5 Semester\\Exam\\UAS\\Web Programming (9 Februari - 13.00)\\2440067093_UAS\\vendor\\symfony\\console\\Application.php(301): Symfony\\Component\\Console\\Application->doRunCommand(Object(Illuminate\\Database\\Console\\Seeds\\SeedCommand), Object(Symfony\\Component\\Console\\Input\\ArgvInput), Object(Symfony\\Component\\Console\\Output\\ConsoleOutput))
#34 C:\\Users\\Adriel\\Desktop\\#5 Semester\\Exam\\UAS\\Web Programming (9 Februari - 13.00)\\2440067093_UAS\\vendor\\symfony\\console\\Application.php(171): Symfony\\Component\\Console\\Application->doRun(Object(Symfony\\Component\\Console\\Input\\ArgvInput), Object(Symfony\\Component\\Console\\Output\\ConsoleOutput))
#35 C:\\Users\\Adriel\\Desktop\\#5 Semester\\Exam\\UAS\\Web Programming (9 Februari - 13.00)\\2440067093_UAS\\vendor\\laravel\\framework\\src\\Illuminate\\Console\\Application.php(94): Symfony\\Component\\Console\\Application->run(Object(Symfony\\Component\\Console\\Input\\ArgvInput), Object(Symfony\\Component\\Console\\Output\\ConsoleOutput))
#36 C:\\Users\\Adriel\\Desktop\\#5 Semester\\Exam\\UAS\\Web Programming (9 Februari - 13.00)\\2440067093_UAS\\vendor\\laravel\\framework\\src\\Illuminate\\Foundation\\Console\\Kernel.php(129): Illuminate\\Console\\Application->run(Object(Symfony\\Component\\Console\\Input\\ArgvInput), Object(Symfony\\Component\\Console\\Output\\ConsoleOutput))
#37 C:\\Users\\Adriel\\Desktop\\#5 Semester\\Exam\\UAS\\Web Programming (9 Februari - 13.00)\\2440067093_UAS\\artisan(37): Illuminate\\Foundation\\Console\\Kernel->handle(Object(Symfony\\Component\\Console\\Input\\ArgvInput), Object(Symfony\\Component\\Console\\Output\\ConsoleOutput))
#38 {main}
"} 
